2024/04/29 13:41:33 - System: Bot Started
2024/04/29 13:41:33 - System: Slash Commands Initiated
2024/04/29 13:41:33 - Database: Attempting to establish connection to Database.
2024/04/29 13:41:33 - Database: Failed to establish connection to Database: java.sql.SQLException: The url cannot be null
2024/04/29 13:41:33 - Database: Initiating Database.
2024/04/29 13:41:33 - Database: Trying to run Query CREATE TABLE IF NOT EXISTS casinoUser(
  id VARCHAR(32),
  money BIGINT DEFAULT 100,
  gamesPlayed MEDIUMINT UNSIGNED DEFAULT 0,
  lastPlayed DATETIME,
  dailyStreak SMALLINT UNSIGNED DEFAULT 0,
  totalDaily SMALLINT UNSIGNED DEFAULT 0,
  lastDaily DATETIME,
  PRIMARY KEY(id)
);

2024/04/29 13:47:12 - System: Bot Started
2024/04/29 13:47:12 - System: Slash Commands Initiated
2024/04/29 13:47:12 - Database: Attempting to establish connection to Database.
2024/04/29 13:47:12 - Database: Database connection established successfully.
2024/04/29 13:47:12 - Database: Initiating Database.
2024/04/29 13:47:12 - Database: Trying to run Query CREATE TABLE IF NOT EXISTS casinoUser(
  id VARCHAR(32),
  money BIGINT DEFAULT 100,
  gamesPlayed MEDIUMINT UNSIGNED DEFAULT 0,
  lastPlayed DATETIME,
  dailyStreak SMALLINT UNSIGNED DEFAULT 0,
  totalDaily SMALLINT UNSIGNED DEFAULT 0,
  lastDaily DATETIME,
  PRIMARY KEY(id)
);

2024/04/29 13:47:12 - Database: Failed to Run Query CREATE TABLE IF NOT EXISTS casinoUser(
  id VARCHAR(32),
  money BIGINT DEFAULT 100,
  gamesPlayed MEDIUMINT UNSIGNED DEFAULT 0,
  lastPlayed DATETIME,
  dailyStreak SMALLINT UNSIGNED DEFAULT 0,
  totalDaily SMALLINT UNSIGNED DEFAULT 0,
  lastDaily DATETIME,
  PRIMARY KEY(id)
);
 Error: java.sql.SQLException: No database selected
2024/04/29 13:47:12 - Database: Database Initiated.
2024/04/29 13:47:28 - System: Bot Started
2024/04/29 13:47:28 - System: Slash Commands Initiated
2024/04/29 13:47:28 - Database: Attempting to establish connection to Database.
2024/04/29 13:47:28 - Database: Database connection established successfully.
2024/04/29 13:47:28 - Database: Initiating Database.
2024/04/29 13:47:28 - Database: Trying to run Query CREATE TABLE IF NOT EXISTS casinoUser(
  id VARCHAR(32),
  money BIGINT DEFAULT 100,
  gamesPlayed MEDIUMINT UNSIGNED DEFAULT 0,
  lastPlayed DATETIME,
  dailyStreak SMALLINT UNSIGNED DEFAULT 0,
  totalDaily SMALLINT UNSIGNED DEFAULT 0,
  lastDaily DATETIME,
  PRIMARY KEY(id)
);

2024/04/29 13:47:28 - Database: Failed to Run Query CREATE TABLE IF NOT EXISTS casinoUser(
  id VARCHAR(32),
  money BIGINT DEFAULT 100,
  gamesPlayed MEDIUMINT UNSIGNED DEFAULT 0,
  lastPlayed DATETIME,
  dailyStreak SMALLINT UNSIGNED DEFAULT 0,
  totalDaily SMALLINT UNSIGNED DEFAULT 0,
  lastDaily DATETIME,
  PRIMARY KEY(id)
);
 Error: java.sql.SQLException: No database selected
2024/04/29 13:47:28 - Database: Database Initiated.
2024/04/29 14:20:54 - System: Bot Started
2024/04/29 14:21:32 - System: Bot Started
2024/04/29 14:22:03 - System: Bot Started
2024/04/29 14:22:03 - System: Slash Commands Initiated
2024/04/29 14:22:03 - Database: Attempting to establish connection to Database.
2024/04/29 14:22:03 - Database: Database connection established successfully.
2024/04/29 14:22:03 - Database: Initiating Database.
2024/04/29 14:22:03 - Database: Trying to run Query CREATE TABLE IF NOT EXISTS casinoUser(
  id VARCHAR(32),
  money BIGINT DEFAULT 100,
  gamesPlayed MEDIUMINT UNSIGNED DEFAULT 0,
  lastPlayed DATETIME,
  dailyStreak SMALLINT UNSIGNED DEFAULT 0,
  totalDaily SMALLINT UNSIGNED DEFAULT 0,
  lastDaily DATETIME,
  PRIMARY KEY(id)
);

2024/04/29 14:22:04 - Database: Failed to Run Query CREATE TABLE IF NOT EXISTS casinoUser(
  id VARCHAR(32),
  money BIGINT DEFAULT 100,
  gamesPlayed MEDIUMINT UNSIGNED DEFAULT 0,
  lastPlayed DATETIME,
  dailyStreak SMALLINT UNSIGNED DEFAULT 0,
  totalDaily SMALLINT UNSIGNED DEFAULT 0,
  lastDaily DATETIME,
  PRIMARY KEY(id)
);
 Error: java.sql.SQLException: No database selected
2024/04/29 14:22:04 - Database: Database Initiated.
2024/04/29 14:47:35 - System: Bot Started
2024/04/29 14:47:35 - System: Slash Commands Initiated
2024/04/29 14:47:35 - Database: Attempting to establish connection to Database.
2024/04/29 14:47:36 - Database: Database connection established successfully.
2024/04/29 14:47:36 - Database: Initiating Database.
2024/04/29 14:47:36 - Database: Trying to run Query CREATE TABLE IF NOT EXISTS casinoUser(
  id VARCHAR(32),
  money BIGINT DEFAULT 100,
  gamesPlayed MEDIUMINT UNSIGNED DEFAULT 0,
  lastPlayed DATETIME,
  dailyStreak SMALLINT UNSIGNED DEFAULT 0,
  totalDaily SMALLINT UNSIGNED DEFAULT 0,
  lastDaily DATETIME,
  PRIMARY KEY(id)
);

2024/04/29 14:47:36 - Database: Failed to Run Query CREATE TABLE IF NOT EXISTS casinoUser(
  id VARCHAR(32),
  money BIGINT DEFAULT 100,
  gamesPlayed MEDIUMINT UNSIGNED DEFAULT 0,
  lastPlayed DATETIME,
  dailyStreak SMALLINT UNSIGNED DEFAULT 0,
  totalDaily SMALLINT UNSIGNED DEFAULT 0,
  lastDaily DATETIME,
  PRIMARY KEY(id)
);
 Error: java.sql.SQLException: No database selected
2024/04/29 14:47:36 - Database: Database Initiated.
2024/04/29 14:49:03 - API: Checking if User 471036610561966111 Exists as a Casino Player.
2024/04/29 14:49:42 - System: Bot Started
2024/04/29 14:49:42 - System: Slash Commands Initiated
2024/04/29 14:49:42 - Database: Attempting to establish connection to Database.
2024/04/29 14:49:42 - Database: Database connection established successfully.
2024/04/29 14:49:42 - Database: Initiating Database.
2024/04/29 14:49:42 - Database: Trying to run Query CREATE TABLE IF NOT EXISTS casinoUser(
  id VARCHAR(32),
  money BIGINT DEFAULT 100,
  gamesPlayed MEDIUMINT UNSIGNED DEFAULT 0,
  lastPlayed DATETIME,
  dailyStreak SMALLINT UNSIGNED DEFAULT 0,
  totalDaily SMALLINT UNSIGNED DEFAULT 0,
  lastDaily DATETIME,
  PRIMARY KEY(id)
);

2024/04/29 14:49:42 - Database: Successfully executed the query CREATE TABLE IF NOT EXISTS casinoUser(
  id VARCHAR(32),
  money BIGINT DEFAULT 100,
  gamesPlayed MEDIUMINT UNSIGNED DEFAULT 0,
  lastPlayed DATETIME,
  dailyStreak SMALLINT UNSIGNED DEFAULT 0,
  totalDaily SMALLINT UNSIGNED DEFAULT 0,
  lastDaily DATETIME,
  PRIMARY KEY(id)
);

2024/04/29 14:49:42 - Database: Database Initiated.
